Arguments: 
  /usr/local/bin/node /usr/local/bin/yarn install

PATH: 
  /usr/local/opt/openjdk@11/bin:/usr/local/bin:/usr/bin:/bin:/usr/sbin:/sbin

Yarn version: 
  1.22.10

Node version: 
  14.16.0

Platform: 
  darwin x64

Trace: 
  Error: https://registrynpm.storefrontcloud.io/@vsf-enterprise%2fcommercetools: authorization required to access package @vsf-enterprise/commercetools
      at Request.params.callback [as _callback] (/usr/local/lib/node_modules/yarn/lib/cli.js:66988:18)
      at Request.self.callback (/usr/local/lib/node_modules/yarn/lib/cli.js:140662:22)
      at Request.emit (events.js:315:20)
      at Request.<anonymous> (/usr/local/lib/node_modules/yarn/lib/cli.js:141634:10)
      at Request.emit (events.js:315:20)
      at IncomingMessage.<anonymous> (/usr/local/lib/node_modules/yarn/lib/cli.js:141556:12)
      at Object.onceWrapper (events.js:421:28)
      at IncomingMessage.emit (events.js:327:22)
      at endReadableNT (internal/streams/readable.js:1327:12)
      at processTicksAndRejections (internal/process/task_queues.js:80:21)

npm manifest: 
  {
    "name": "vue-storefront-for-avon",
    "version": "1.1.3",
    "publishConfig": {
      "access": "public"
    },
    "scripts": {
      "dev": "nuxt",
      "build": "nuxt build -m",
      "build:analyze": "nuxt build -a -m",
      "start": "nuxt start",
      "generate": "nuxt generate",
      "test": "jest"
    },
    "dependencies": {
      "@nuxtjs/pwa": "^3.2.2",
      "@storefront-ui/vue": "0.10.3",
      "@vsf-enterprise/commercetools": "^1.2.0-rc.2",
      "@vue-storefront/commercetools": "^1.2.0-rc.2",
      "@vue-storefront/nuxt-theme": "^2.3.0-rc.2",
      "@vue-storefront/nuxt": "^2.3.0-rc.2",
      "@vue-storefront/middleware": "^2.3.0-rc.2",
      "@vue-storefront/storyblok": "^0.2.0",
      "cookie-universal-nuxt": "^2.1.3",
      "core-js": "^2.6.5",
      "nuxt": "^2.13.3",
      "nuxt-i18n": "^6.5.0",
      "vee-validate": "^3.2.3",
      "vue-scrollto": "^2.17.1"
    },
    "devDependencies": {
      "@nuxt/types": "^0.7.9",
      "@vue/test-utils": "^1.0.0-beta.27",
      "babel-jest": "^24.1.0",
      "jest": "^24.1.0",
      "vue-jest": "^4.0.0-0"
    }
  }

yarn manifest: 
  No manifest

Lockfile: 
  No lockfile
